2018-04-04 12:51:14,230 INFO Included extra file "//var/www/html/Pearch_Transcoder/worker/convertVideo.conf" during parsing
2018-04-04 12:51:14,230 INFO Included extra file "//var/www/html/Pearch_Transcoder/worker/convertVideo1.conf" during parsing
2018-04-04 12:51:14,294 INFO RPC interface 'supervisor' initialized
2018-04-04 12:51:14,295 CRIT Server 'unix_http_server' running without any HTTP authentication checking
2018-04-04 12:51:14,295 INFO daemonizing the supervisord process
2018-04-04 12:51:14,295 INFO supervisord started with pid 16057
2018-04-04 12:51:15,300 INFO spawned: 'forgetPasswordFeed00' with pid 16058
2018-04-04 12:51:15,303 INFO spawned: 'commentPostFeed00' with pid 16059
2018-04-04 12:51:15,891 INFO exited: commentPostFeed00 (exit status 1; not expected)
2018-04-04 12:51:17,408 INFO success: forgetPasswordFeed00 entered RUNNING state, process has stayed up for > than 2 seconds (startsecs)
2018-04-04 12:51:17,410 INFO spawned: 'commentPostFeed00' with pid 16063
2018-04-04 12:51:17,447 INFO exited: commentPostFeed00 (exit status 1; not expected)
2018-04-04 12:51:19,450 INFO spawned: 'commentPostFeed00' with pid 16065
2018-04-04 12:51:19,479 INFO exited: commentPostFeed00 (exit status 1; not expected)
2018-04-04 12:51:22,485 INFO spawned: 'commentPostFeed00' with pid 16069
2018-04-04 12:51:22,525 INFO exited: commentPostFeed00 (exit status 1; not expected)
2018-04-04 12:51:23,526 INFO gave up: commentPostFeed00 entered FATAL state, too many start retries too quickly
2018-04-04 13:08:00,621 INFO Included extra file "//var/www/html/Pearch_Transcoder/worker/convertVideo.conf" during parsing
2018-04-04 13:08:00,621 INFO Included extra file "//var/www/html/Pearch_Transcoder/worker/convertVideo1.conf" during parsing
2018-04-04 13:08:36,883 INFO exited: forgetPasswordFeed00 (exit status 1; not expected)
2018-04-04 13:08:37,885 INFO spawned: 'forgetPasswordFeed00' with pid 17019
2018-04-04 13:08:37,937 INFO exited: forgetPasswordFeed00 (exit status 1; not expected)
2018-04-04 13:08:38,939 INFO spawned: 'forgetPasswordFeed00' with pid 17024
2018-04-04 13:08:38,984 INFO exited: forgetPasswordFeed00 (exit status 1; not expected)
2018-04-04 13:08:40,987 INFO spawned: 'forgetPasswordFeed00' with pid 17035
2018-04-04 13:08:41,028 INFO exited: forgetPasswordFeed00 (exit status 1; not expected)
2018-04-04 13:08:44,035 INFO spawned: 'forgetPasswordFeed00' with pid 17043
2018-04-04 13:08:44,077 INFO exited: forgetPasswordFeed00 (exit status 1; not expected)
2018-04-04 13:08:45,078 INFO gave up: forgetPasswordFeed00 entered FATAL state, too many start retries too quickly
2018-04-04 13:09:06,379 INFO Included extra file "//var/www/html/Pearch_Transcoder/worker/convertVideo.conf" during parsing
2018-04-04 13:09:06,380 INFO Included extra file "//var/www/html/Pearch_Transcoder/worker/convertVideo1.conf" during parsing
2018-04-04 13:09:06,384 INFO RPC interface 'supervisor' initialized
2018-04-04 13:09:06,384 CRIT Server 'unix_http_server' running without any HTTP authentication checking
2018-04-04 13:09:06,384 INFO daemonizing the supervisord process
2018-04-04 13:09:06,385 INFO supervisord started with pid 17505
2018-04-04 13:09:07,388 INFO spawned: 'forgetPasswordFeed00' with pid 17506
2018-04-04 13:09:07,391 INFO spawned: 'commentPostFeed00' with pid 17507
2018-04-04 13:09:07,463 INFO exited: forgetPasswordFeed00 (exit status 1; not expected)
2018-04-04 13:09:08,512 INFO spawned: 'forgetPasswordFeed00' with pid 17510
2018-04-04 13:09:08,548 INFO exited: forgetPasswordFeed00 (exit status 1; not expected)
2018-04-04 13:09:09,549 INFO success: commentPostFeed00 entered RUNNING state, process has stayed up for > than 2 seconds (startsecs)
2018-04-04 13:09:10,552 INFO spawned: 'forgetPasswordFeed00' with pid 17517
2018-04-04 13:09:10,586 INFO exited: forgetPasswordFeed00 (exit status 1; not expected)
2018-04-04 13:09:13,592 INFO spawned: 'forgetPasswordFeed00' with pid 17520
2018-04-04 13:09:13,622 INFO exited: forgetPasswordFeed00 (exit status 1; not expected)
2018-04-04 13:09:14,623 INFO gave up: forgetPasswordFeed00 entered FATAL state, too many start retries too quickly
2018-04-04 13:10:35,967 WARN received SIGHUP indicating restart request
2018-04-04 13:10:35,967 INFO waiting for commentPostFeed00 to die
2018-04-04 13:10:35,970 WARN received SIGHUP indicating restart request
2018-04-04 13:10:35,971 INFO stopped: commentPostFeed00 (terminated by SIGTERM)
2018-04-04 13:10:35,971 WARN received SIGTERM indicating exit request
2018-04-04 13:10:36,056 INFO Included extra file "//var/www/html/Pearch_Transcoder/worker/convertVideo.conf" during parsing
2018-04-04 13:10:36,056 INFO Included extra file "//var/www/html/Pearch_Transcoder/worker/convertVideo1.conf" during parsing
2018-04-04 13:10:36,465 INFO RPC interface 'supervisor' initialized
2018-04-04 13:10:36,465 CRIT Server 'unix_http_server' running without any HTTP authentication checking
2018-04-04 13:10:36,465 INFO supervisord started with pid 16057
2018-04-04 13:10:37,467 INFO spawned: 'forgetPasswordFeed00' with pid 18341
2018-04-04 13:10:37,470 INFO spawned: 'commentPostFeed00' with pid 18342
2018-04-04 13:10:37,503 INFO exited: forgetPasswordFeed00 (exit status 1; not expected)
2018-04-04 13:10:38,581 INFO spawned: 'forgetPasswordFeed00' with pid 18391
2018-04-04 13:10:38,617 INFO exited: forgetPasswordFeed00 (exit status 1; not expected)
2018-04-04 13:10:39,618 INFO success: commentPostFeed00 entered RUNNING state, process has stayed up for > than 2 seconds (startsecs)
2018-04-04 13:10:40,620 INFO spawned: 'forgetPasswordFeed00' with pid 18416
2018-04-04 13:10:40,654 INFO exited: forgetPasswordFeed00 (exit status 1; not expected)
2018-04-04 13:10:43,661 INFO spawned: 'forgetPasswordFeed00' with pid 18473
2018-04-04 13:10:43,689 INFO exited: forgetPasswordFeed00 (exit status 1; not expected)
2018-04-04 13:10:44,691 INFO gave up: forgetPasswordFeed00 entered FATAL state, too many start retries too quickly
2018-04-04 13:17:47,774 INFO Included extra file "//var/www/html/Pearch_Transcoder/worker/convertVideo.conf" during parsing
2018-04-04 13:17:47,774 INFO Included extra file "//var/www/html/Pearch_Transcoder/worker/convertVideo1.conf" during parsing
2018-04-04 13:17:48,189 INFO RPC interface 'supervisor' initialized
2018-04-04 13:17:48,189 CRIT Server 'unix_http_server' running without any HTTP authentication checking
2018-04-04 13:17:48,189 INFO daemonizing the supervisord process
2018-04-04 13:17:48,190 INFO supervisord started with pid 5896
2018-04-04 13:17:49,194 INFO spawned: 'forgetPasswordFeed00' with pid 5897
2018-04-04 13:17:49,198 INFO spawned: 'commentPostFeed00' with pid 5898
2018-04-04 13:17:50,950 INFO exited: forgetPasswordFeed00 (exit status 1; not expected)
2018-04-04 13:17:52,163 INFO spawned: 'forgetPasswordFeed00' with pid 5903
2018-04-04 13:17:52,164 INFO success: commentPostFeed00 entered RUNNING state, process has stayed up for > than 2 seconds (startsecs)
2018-04-04 13:17:52,199 INFO exited: forgetPasswordFeed00 (exit status 1; not expected)
2018-04-04 13:17:54,202 INFO spawned: 'forgetPasswordFeed00' with pid 5904
2018-04-04 13:17:54,234 INFO exited: forgetPasswordFeed00 (exit status 1; not expected)
2018-04-04 13:17:57,240 INFO spawned: 'forgetPasswordFeed00' with pid 5906
2018-04-04 13:17:57,277 INFO exited: forgetPasswordFeed00 (exit status 1; not expected)
2018-04-04 13:17:58,278 INFO gave up: forgetPasswordFeed00 entered FATAL state, too many start retries too quickly
2018-04-04 13:20:03,851 INFO Included extra file "//var/www/html/Pearch_Transcoder/worker/convertVideo.conf" during parsing
2018-04-04 13:20:03,851 INFO Included extra file "//var/www/html/Pearch_Transcoder/worker/convertVideo1.conf" during parsing
2018-04-04 13:21:14,226 INFO Included extra file "//var/www/html/Pearch_Transcoder/worker/convertVideo.conf" during parsing
2018-04-04 13:21:14,226 INFO Included extra file "//var/www/html/Pearch_Transcoder/worker/convertVideo1.conf" during parsing
2018-04-04 13:21:14,230 INFO RPC interface 'supervisor' initialized
2018-04-04 13:21:14,231 CRIT Server 'unix_http_server' running without any HTTP authentication checking
2018-04-04 13:21:14,231 INFO daemonizing the supervisord process
2018-04-04 13:21:14,231 INFO supervisord started with pid 6119
2018-04-04 13:21:15,234 INFO spawned: 'convertVideo00' with pid 6121
2018-04-04 13:21:15,236 INFO spawned: 'convertVideo100' with pid 6122
2018-04-04 13:21:17,352 INFO success: convertVideo00 entered RUNNING state, process has stayed up for > than 2 seconds (startsecs)
2018-04-04 13:21:17,352 INFO success: convertVideo100 entered RUNNING state, process has stayed up for > than 2 seconds (startsecs)
2018-04-04 17:40:54,879 WARN received SIGHUP indicating restart request
2018-04-04 17:40:54,879 INFO waiting for commentPostFeed00 to die
2018-04-04 17:40:54,880 INFO stopped: commentPostFeed00 (terminated by SIGTERM)
2018-04-04 17:40:54,880 WARN received SIGTERM indicating exit request
2018-04-04 17:40:54,880 WARN received SIGHUP indicating restart request
2018-04-04 17:40:54,880 INFO waiting for convertVideo00, convertVideo100 to die
2018-04-04 17:40:54,916 INFO exited: convertVideo00 (terminated by SIGTERM; not expected)
2018-04-04 17:40:54,917 INFO stopped: convertVideo100 (terminated by SIGTERM)
2018-04-04 17:40:54,917 WARN received SIGTERM indicating exit request
